Determining if the pthread_create exist failed with the following output:
Change Dir: /home/dev/hrwros_ws/build/hrwros_week3/CMakeFiles/CMakeTmp

Run Build Command:"/usr/bin/make" "cmTC_8e19b/fast"
/usr/bin/make -f CMakeFiles/cmTC_8e19b.dir/build.make CMakeFiles/cmTC_8e19b.dir/build
make[1]: Entering directory '/home/dev/hrwros_ws/build/hrwros_week3/CMakeFiles/CMakeTmp'
Building C object CMakeFiles/cmTC_8e19b.dir/CheckSymbolExists.c.o
/usr/bin/cc    -o CMakeFiles/cmTC_8e19b.dir/CheckSymbolExists.c.o   -c /home/dev/hrwros_ws/build/hrwros_week3/CMakeFiles/CMakeTmp/CheckSymbolExists.c
Linking C executable cmTC_8e19b
/usr/bin/cmake -E cmake_link_script CMakeFiles/cmTC_8e19b.dir/link.txt --verbose=1
/usr/bin/cc      -rdynamic CMakeFiles/cmTC_8e19b.dir/CheckSymbolExists.c.o  -o cmTC_8e19b 
CMakeFiles/cmTC_8e19b.dir/CheckSymbolExists.c.o: In function `main':
CheckSymbolExists.c:(.text+0x1b): undefined reference to `pthread_create'
collect2: error: ld returned 1 exit status
CMakeFiles/cmTC_8e19b.dir/build.make:97: recipe for target 'cmTC_8e19b' failed
make[1]: *** [cmTC_8e19b] Error 1
make[1]: Leaving directory '/home/dev/hrwros_ws/build/hrwros_week3/CMakeFiles/CMakeTmp'
Makefile:126: recipe for target 'cmTC_8e19b/fast' failed
make: *** [cmTC_8e19b/fast] Error 2

File /home/dev/hrwros_ws/build/hrwros_week3/CMakeFiles/CMakeTmp/CheckSymbolExists.c:
/* */
#include <pthread.h>

int main(int argc, char** argv)
{
  (void)argv;
#ifndef pthread_create
  return ((int*)(&pthread_create))[argc];
#else
  (void)argc;
  return 0;
#endif
}

Determining if the function pthread_create exists in the pthreads failed with the following output:
Change Dir: /home/dev/hrwros_ws/build/hrwros_week3/CMakeFiles/CMakeTmp

Run Build Command:"/usr/bin/make" "cmTC_3271d/fast"
/usr/bin/make -f CMakeFiles/cmTC_3271d.dir/build.make CMakeFiles/cmTC_3271d.dir/build
make[1]: Entering directory '/home/dev/hrwros_ws/build/hrwros_week3/CMakeFiles/CMakeTmp'
Building C object CMakeFiles/cmTC_3271d.dir/CheckFunctionExists.c.o
/usr/bin/cc   -DCHECK_FUNCTION_EXISTS=pthread_create   -o CMakeFiles/cmTC_3271d.dir/CheckFunctionExists.c.o   -c /usr/share/cmake-3.10/Modules/CheckFunctionExists.c
Linking C executable cmTC_3271d
/usr/bin/cmake -E cmake_link_script CMakeFiles/cmTC_3271d.dir/link.txt --verbose=1
/usr/bin/cc  -DCHECK_FUNCTION_EXISTS=pthread_create    -rdynamic CMakeFiles/cmTC_3271d.dir/CheckFunctionExists.c.o  -o cmTC_3271d -lpthreads 
/usr/bin/ld: cannot find -lpthreads
collect2: error: ld returned 1 exit status
CMakeFiles/cmTC_3271d.dir/build.make:97: recipe for target 'cmTC_3271d' failed
make[1]: *** [cmTC_3271d] Error 1
make[1]: Leaving directory '/home/dev/hrwros_ws/build/hrwros_week3/CMakeFiles/CMakeTmp'
Makefile:126: recipe for target 'cmTC_3271d/fast' failed
make: *** [cmTC_3271d/fast] Error 2


