Determining if the pthread_create exist failed with the following output:
Change Dir: /home/dev/hrwros_ws/build/hrwros_week4/CMakeFiles/CMakeTmp

Run Build Command:"/usr/bin/make" "cmTC_b4ff7/fast"
/usr/bin/make -f CMakeFiles/cmTC_b4ff7.dir/build.make CMakeFiles/cmTC_b4ff7.dir/build
make[1]: Entering directory '/home/dev/hrwros_ws/build/hrwros_week4/CMakeFiles/CMakeTmp'
Building C object CMakeFiles/cmTC_b4ff7.dir/CheckSymbolExists.c.o
/usr/bin/cc    -o CMakeFiles/cmTC_b4ff7.dir/CheckSymbolExists.c.o   -c /home/dev/hrwros_ws/build/hrwros_week4/CMakeFiles/CMakeTmp/CheckSymbolExists.c
Linking C executable cmTC_b4ff7
/usr/bin/cmake -E cmake_link_script CMakeFiles/cmTC_b4ff7.dir/link.txt --verbose=1
/usr/bin/cc      -rdynamic CMakeFiles/cmTC_b4ff7.dir/CheckSymbolExists.c.o  -o cmTC_b4ff7 
CMakeFiles/cmTC_b4ff7.dir/CheckSymbolExists.c.o: In function `main':
CheckSymbolExists.c:(.text+0x1b): undefined reference to `pthread_create'
collect2: error: ld returned 1 exit status
CMakeFiles/cmTC_b4ff7.dir/build.make:97: recipe for target 'cmTC_b4ff7' failed
make[1]: *** [cmTC_b4ff7] Error 1
make[1]: Leaving directory '/home/dev/hrwros_ws/build/hrwros_week4/CMakeFiles/CMakeTmp'
Makefile:126: recipe for target 'cmTC_b4ff7/fast' failed
make: *** [cmTC_b4ff7/fast] Error 2

File /home/dev/hrwros_ws/build/hrwros_week4/CMakeFiles/CMakeTmp/CheckSymbolExists.c:
/* */
#include <pthread.h>

int main(int argc, char** argv)
{
  (void)argv;
#ifndef pthread_create
  return ((int*)(&pthread_create))[argc];
#else
  (void)argc;
  return 0;
#endif
}

Determining if the function pthread_create exists in the pthreads failed with the following output:
Change Dir: /home/dev/hrwros_ws/build/hrwros_week4/CMakeFiles/CMakeTmp

Run Build Command:"/usr/bin/make" "cmTC_325dc/fast"
/usr/bin/make -f CMakeFiles/cmTC_325dc.dir/build.make CMakeFiles/cmTC_325dc.dir/build
make[1]: Entering directory '/home/dev/hrwros_ws/build/hrwros_week4/CMakeFiles/CMakeTmp'
Building C object CMakeFiles/cmTC_325dc.dir/CheckFunctionExists.c.o
/usr/bin/cc   -DCHECK_FUNCTION_EXISTS=pthread_create   -o CMakeFiles/cmTC_325dc.dir/CheckFunctionExists.c.o   -c /usr/share/cmake-3.10/Modules/CheckFunctionExists.c
Linking C executable cmTC_325dc
/usr/bin/cmake -E cmake_link_script CMakeFiles/cmTC_325dc.dir/link.txt --verbose=1
/usr/bin/cc  -DCHECK_FUNCTION_EXISTS=pthread_create    -rdynamic CMakeFiles/cmTC_325dc.dir/CheckFunctionExists.c.o  -o cmTC_325dc -lpthreads 
/usr/bin/ld: cannot find -lpthreads
collect2: error: ld returned 1 exit status
CMakeFiles/cmTC_325dc.dir/build.make:97: recipe for target 'cmTC_325dc' failed
make[1]: *** [cmTC_325dc] Error 1
make[1]: Leaving directory '/home/dev/hrwros_ws/build/hrwros_week4/CMakeFiles/CMakeTmp'
Makefile:126: recipe for target 'cmTC_325dc/fast' failed
make: *** [cmTC_325dc/fast] Error 2


