Determining if the pthread_create exist failed with the following output:
Change Dir: /home/dev/hrwros_ws/build/week4_moveit_config/CMakeFiles/CMakeTmp

Run Build Command:"/usr/bin/make" "cmTC_b484b/fast"
/usr/bin/make -f CMakeFiles/cmTC_b484b.dir/build.make CMakeFiles/cmTC_b484b.dir/build
make[1]: Entering directory '/home/dev/hrwros_ws/build/week4_moveit_config/CMakeFiles/CMakeTmp'
Building C object CMakeFiles/cmTC_b484b.dir/CheckSymbolExists.c.o
/usr/bin/cc    -o CMakeFiles/cmTC_b484b.dir/CheckSymbolExists.c.o   -c /home/dev/hrwros_ws/build/week4_moveit_config/CMakeFiles/CMakeTmp/CheckSymbolExists.c
Linking C executable cmTC_b484b
/usr/bin/cmake -E cmake_link_script CMakeFiles/cmTC_b484b.dir/link.txt --verbose=1
/usr/bin/cc      -rdynamic CMakeFiles/cmTC_b484b.dir/CheckSymbolExists.c.o  -o cmTC_b484b 
CMakeFiles/cmTC_b484b.dir/CheckSymbolExists.c.o: In function `main':
CheckSymbolExists.c:(.text+0x1b): undefined reference to `pthread_create'
collect2: error: ld returned 1 exit status
CMakeFiles/cmTC_b484b.dir/build.make:97: recipe for target 'cmTC_b484b' failed
make[1]: *** [cmTC_b484b] Error 1
make[1]: Leaving directory '/home/dev/hrwros_ws/build/week4_moveit_config/CMakeFiles/CMakeTmp'
Makefile:126: recipe for target 'cmTC_b484b/fast' failed
make: *** [cmTC_b484b/fast] Error 2

File /home/dev/hrwros_ws/build/week4_moveit_config/CMakeFiles/CMakeTmp/CheckSymbolExists.c:
/* */
#include <pthread.h>

int main(int argc, char** argv)
{
  (void)argv;
#ifndef pthread_create
  return ((int*)(&pthread_create))[argc];
#else
  (void)argc;
  return 0;
#endif
}

Determining if the function pthread_create exists in the pthreads failed with the following output:
Change Dir: /home/dev/hrwros_ws/build/week4_moveit_config/CMakeFiles/CMakeTmp

Run Build Command:"/usr/bin/make" "cmTC_731fe/fast"
/usr/bin/make -f CMakeFiles/cmTC_731fe.dir/build.make CMakeFiles/cmTC_731fe.dir/build
make[1]: Entering directory '/home/dev/hrwros_ws/build/week4_moveit_config/CMakeFiles/CMakeTmp'
Building C object CMakeFiles/cmTC_731fe.dir/CheckFunctionExists.c.o
/usr/bin/cc   -DCHECK_FUNCTION_EXISTS=pthread_create   -o CMakeFiles/cmTC_731fe.dir/CheckFunctionExists.c.o   -c /usr/share/cmake-3.10/Modules/CheckFunctionExists.c
Linking C executable cmTC_731fe
/usr/bin/cmake -E cmake_link_script CMakeFiles/cmTC_731fe.dir/link.txt --verbose=1
/usr/bin/cc  -DCHECK_FUNCTION_EXISTS=pthread_create    -rdynamic CMakeFiles/cmTC_731fe.dir/CheckFunctionExists.c.o  -o cmTC_731fe -lpthreads 
/usr/bin/ld: cannot find -lpthreads
collect2: error: ld returned 1 exit status
CMakeFiles/cmTC_731fe.dir/build.make:97: recipe for target 'cmTC_731fe' failed
make[1]: *** [cmTC_731fe] Error 1
make[1]: Leaving directory '/home/dev/hrwros_ws/build/week4_moveit_config/CMakeFiles/CMakeTmp'
Makefile:126: recipe for target 'cmTC_731fe/fast' failed
make: *** [cmTC_731fe/fast] Error 2


